<?xml version="1.0" encoding="UTF-8"?>
<!-- Generated by org.testng.reporters.JUnitReportReporter -->
<testsuite hostname="SATSWAIN-0WV6X" failures="0" tests="4" name="com.qa.rest.tests.CuurencyRate" time="3.863" errors="0" timestamp="2020-12-16T00:21:20 IST" skipped="0">
  <testcase classname="com.qa.rest.tests.CuurencyRate" name="getExchangeRate" time="2.542"/>
  <system-out/>
  <testcase classname="com.qa.rest.tests.CuurencyRate" name="verifyParticularCountryExchangeValue" time="1.012"/>
  <system-out/>
  <testcase classname="com.qa.rest.tests.CuurencyRate" name="verifyParticularDateExchangeRate" time="0.149"/>
  <system-out/>
  <testcase classname="com.qa.rest.tests.CuurencyRate" name="verifyfutureDateExchangeRate" time="0.160"/>
  <system-out/>
</testsuite> <!-- com.qa.rest.tests.CuurencyRate -->
